{"/Users/trhawara/experiments/syria-districts/src/index.test.js":{"path":"/Users/trhawara/experiments/syria-districts/src/index.test.js","s":{"1":1,"2":1,"3":1,"4":1,"5":1,"6":1,"7":1,"8":1,"9":1,"10":14,"11":1,"12":1,"13":1,"14":1,"15":1,"16":1,"17":1,"18":1,"19":1,"20":1,"21":1,"22":3},"b":{},"f":{"1":1},"fnMap":{"1":{"name":"isArrayOfStrings","line":9,"loc":{"start":{"line":9,"column":6},"end":{"line":9,"column":40}}}},"statementMap":{"1":{"start":{"line":1,"column":0},"end":{"line":1,"column":42}},"2":{"start":{"line":2,"column":0},"end":{"line":2,"column":30}},"3":{"start":{"line":3,"column":0},"end":{"line":3,"column":37}},"4":{"start":{"line":4,"column":0},"end":{"line":4,"column":41}},"5":{"start":{"line":6,"column":0},"end":{"line":36,"column":2}},"6":{"start":{"line":7,"column":2},"end":{"line":19,"column":4}},"7":{"start":{"line":8,"column":4},"end":{"line":14,"column":6}},"8":{"start":{"line":9,"column":6},"end":{"line":11,"column":7}},"9":{"start":{"line":10,"column":8},"end":{"line":10,"column":60}},"10":{"start":{"line":10,"column":35},"end":{"line":10,"column":59}},"11":{"start":{"line":13,"column":6},"end":{"line":13,"column":61}},"12":{"start":{"line":16,"column":4},"end":{"line":18,"column":6}},"13":{"start":{"line":17,"column":6},"end":{"line":17,"column":55}},"14":{"start":{"line":21,"column":2},"end":{"line":35,"column":4}},"15":{"start":{"line":22,"column":4},"end":{"line":25,"column":6}},"16":{"start":{"line":23,"column":6},"end":{"line":23,"column":48}},"17":{"start":{"line":24,"column":6},"end":{"line":24,"column":55}},"18":{"start":{"line":27,"column":4},"end":{"line":34,"column":6}},"19":{"start":{"line":28,"column":6},"end":{"line":28,"column":50}},"20":{"start":{"line":29,"column":6},"end":{"line":29,"column":43}},"21":{"start":{"line":31,"column":6},"end":{"line":33,"column":8}},"22":{"start":{"line":32,"column":8},"end":{"line":32,"column":57}}},"branchMap":{}},"/Users/trhawara/experiments/syria-districts/src/index.js":{"path":"/Users/trhawara/experiments/syria-districts/src/index.js","s":{"1":1,"2":1,"3":1,"4":1,"5":2,"6":1,"7":1,"8":1,"9":3,"10":1,"11":1},"b":{"1":[1,1]},"f":{"1":2},"fnMap":{"1":{"name":"random","line":6,"loc":{"start":{"line":6,"column":0},"end":{"line":6,"column":25}}}},"statementMap":{"1":{"start":{"line":1,"column":0},"end":{"line":1,"column":56}},"2":{"start":{"line":2,"column":0},"end":{"line":2,"column":61}},"3":{"start":{"line":4,"column":0},"end":{"line":4,"column":60}},"4":{"start":{"line":6,"column":0},"end":{"line":15,"column":1}},"5":{"start":{"line":7,"column":2},"end":{"line":9,"column":3}},"6":{"start":{"line":8,"column":4},"end":{"line":8,"column":26}},"7":{"start":{"line":10,"column":2},"end":{"line":10,"column":24}},"8":{"start":{"line":11,"column":2},"end":{"line":13,"column":3}},"9":{"start":{"line":12,"column":4},"end":{"line":12,"column":37}},"10":{"start":{"line":14,"column":2},"end":{"line":14,"column":20}},"11":{"start":{"line":17,"column":0},"end":{"line":20,"column":1}}},"branchMap":{"1":{"line":7,"type":"if","locations":[{"start":{"line":7,"column":2},"end":{"line":7,"column":2}},{"start":{"line":7,"column":2},"end":{"line":7,"column":2}}]}}}}