TN:
SF:/Users/trhawara/experiments/syria-districts/src/index.test.js
FN:9,isArrayOfStrings
FNF:1
FNH:1
FNDA:1,isArrayOfStrings
DA:1,1
DA:2,1
DA:3,1
DA:4,1
DA:6,1
DA:7,1
DA:8,1
DA:9,1
DA:10,14
DA:13,1
DA:16,1
DA:17,1
DA:21,1
DA:22,1
DA:23,1
DA:24,1
DA:27,1
DA:28,1
DA:29,1
DA:31,1
DA:32,3
LF:21
LH:21
BRF:0
BRH:0
end_of_record
TN:
SF:/Users/trhawara/experiments/syria-districts/src/index.js
FN:6,random
FNF:1
FNH:1
FNDA:2,random
DA:1,1
DA:2,1
DA:4,1
DA:6,1
DA:7,2
DA:8,1
DA:10,1
DA:11,1
DA:12,3
DA:14,1
DA:17,1
LF:11
LH:11
BRDA:7,1,0,1
BRDA:7,1,1,1
BRF:2
BRH:2
end_of_record
